2026-05-13 11:15:55,805 [INFO] Activator:176 - 


2026-05-13 11:15:55,842 [INFO] Activator:177 - !SESSION log4j initialized
2026-05-13 11:16:00,372 [INFO] LogOutputStream:77 - [STDOUT_REDIRECT] 
2026-05-13 11:16:00,765 [ERROR] ConfigurationRetriever:142 - IOException on connection: Сеть недоступна
2026-05-13 11:16:00,771 [ERROR] ConfigurationRetriever:142 - IOException on connection: Сеть недоступна
2026-05-13 11:16:00,771 [ERROR] ConfigurationRetriever:142 - IOException on connection: Сеть недоступна
2026-05-13 11:16:01,996 [INFO] ApplicationProperties:184 - Using Application install path: /home/dim0k/st/stm32cubeide_1.19.0/plugins/com.st.stm32cube.common.mx_6.15.0.202507011659
2026-05-13 11:16:02,160 [INFO] DbMcusXml:78 - Set database path to: /home/dim0k/st/stm32cubeide_1.19.0/plugins/com.st.stm32cube.common.mx_6.15.0.202507011659//db//mcu/
2026-05-13 11:16:02,161 [INFO] ApiDb:274 - Set plugin database path to: /home/dim0k/st/stm32cubeide_1.19.0/plugins/com.st.stm32cube.common.mx_6.15.0.202507011659//db//plugins/boardmanager/
2026-05-13 11:16:02,163 [WARN] ApiDb:259 - Overriding images path with different value:  => /home/dim0k/st/stm32cubeide_1.19.0/plugins/com.st.stm32cube.common.mx_6.15.0.202507011659//db//plugins/mcufinder/images/
2026-05-13 11:16:02,178 [INFO] ApiDb:250 - Set database path to: /home/dim0k/.stmcufinder/plugins/mcufinder//mcu/
2026-05-13 11:16:02,180 [INFO] DbMcusAds:125 - Set database path to: /home/dim0k/.stmcufinder/plugins/mcufinder//mcu/
2026-05-13 11:16:02,183 [INFO] CrossReferenceDbSqlite:203 - Set database path to: /home/dim0k/.stmcufinder/plugins/mcufinder//mcu/cs/
2026-05-13 11:16:02,256 [INFO] RulesReader:64 - Compatibility file has been processed (317 Rules)
2026-05-13 11:16:02,298 [INFO] DbMcusXml:78 - Set database path to: /home/dim0k/st/stm32cubeide_1.19.0/plugins/com.st.stm32cube.common.mx_6.15.0.202507011659//db//mcu/
2026-05-13 11:16:02,299 [INFO] ApiDb:274 - Set plugin database path to: /home/dim0k/st/stm32cubeide_1.19.0/plugins/com.st.stm32cube.common.mx_6.15.0.202507011659//db//plugins/boardmanager/
2026-05-13 11:16:02,299 [INFO] ApiDb:261 - Set plugin images path to: /home/dim0k/st/stm32cubeide_1.19.0/plugins/com.st.stm32cube.common.mx_6.15.0.202507011659//db//plugins/mcufinder/images/
2026-05-13 11:16:02,299 [WARN] DbFile:41 - Overriding database path with different value: /home/dim0k/.stmcufinder/plugins/mcufinder/ => /home/dim0k/.stmcufinder/plugins/mcufinder
2026-05-13 11:16:02,299 [INFO] ApiDb:250 - Set database path to: /home/dim0k/.stmcufinder/plugins/mcufinder//mcu/
2026-05-13 11:16:02,299 [WARN] DbFile:41 - Overriding database path with different value: /home/dim0k/.stmcufinder/plugins/mcufinder/ => /home/dim0k/.stmcufinder/plugins/mcufinder
2026-05-13 11:16:02,300 [INFO] DbMcusAds:125 - Set database path to: /home/dim0k/.stmcufinder/plugins/mcufinder//mcu/
2026-05-13 11:16:02,300 [WARN] DbFile:41 - Overriding database path with different value: /home/dim0k/.stmcufinder/plugins/mcufinder/ => /home/dim0k/.stmcufinder/plugins/mcufinder
2026-05-13 11:16:02,300 [WARN] DbFile:41 - Overriding database path with different value: /home/dim0k/.stmcufinder/plugins/mcufinder/ => /home/dim0k/.stmcufinder/plugins/mcufinder
2026-05-13 11:16:02,300 [INFO] CrossReferenceDbSqlite:203 - Set database path to: /home/dim0k/.stmcufinder/plugins/mcufinder//mcu/cs/
2026-05-13 11:16:02,345 [INFO] MainPanel:274 - HeapMemory: 268435456
2026-05-13 11:16:02,441 [INFO] DbMcusXml:78 - Set database path to: /home/dim0k/st/stm32cubeide_1.19.0/plugins/com.st.stm32cube.common.mx_6.15.0.202507011659//db//mcu/
2026-05-13 11:16:02,441 [INFO] ApiDb:274 - Set plugin database path to: /home/dim0k/st/stm32cubeide_1.19.0/plugins/com.st.stm32cube.common.mx_6.15.0.202507011659//db//plugins/boardmanager/
2026-05-13 11:16:02,441 [INFO] ApiDb:261 - Set plugin images path to: /home/dim0k/st/stm32cubeide_1.19.0/plugins/com.st.stm32cube.common.mx_6.15.0.202507011659//db//plugins/mcufinder/images/
2026-05-13 11:16:02,442 [WARN] DbFile:41 - Overriding database path with different value: /home/dim0k/.stmcufinder/plugins/mcufinder/ => /home/dim0k/.stmcufinder/plugins/mcufinder
2026-05-13 11:16:02,442 [INFO] ApiDb:250 - Set database path to: /home/dim0k/.stmcufinder/plugins/mcufinder//mcu/
2026-05-13 11:16:02,442 [WARN] DbFile:41 - Overriding database path with different value: /home/dim0k/.stmcufinder/plugins/mcufinder/ => /home/dim0k/.stmcufinder/plugins/mcufinder
2026-05-13 11:16:02,442 [INFO] DbMcusAds:125 - Set database path to: /home/dim0k/.stmcufinder/plugins/mcufinder//mcu/
2026-05-13 11:16:02,442 [WARN] DbFile:41 - Overriding database path with different value: /home/dim0k/.stmcufinder/plugins/mcufinder/ => /home/dim0k/.stmcufinder/plugins/mcufinder
2026-05-13 11:16:02,442 [WARN] DbFile:41 - Overriding database path with different value: /home/dim0k/.stmcufinder/plugins/mcufinder/ => /home/dim0k/.stmcufinder/plugins/mcufinder
2026-05-13 11:16:02,442 [INFO] CrossReferenceDbSqlite:203 - Set database path to: /home/dim0k/.stmcufinder/plugins/mcufinder//mcu/cs/
2026-05-13 11:16:02,452 [INFO] ApplicationProperties:184 - Using Application install path: /home/dim0k/st/stm32cubeide_1.19.0/plugins/com.st.stm32cube.common.mx_6.15.0.202507011659
2026-05-13 11:16:02,453 [INFO] PluginManage:196 - Search for loadable plugins [exclusion list=, ]
2026-05-13 11:16:02,454 [INFO] PluginManage:310 - Check plugin analytics
2026-05-13 11:16:02,560 [INFO] AnalyticsPlugin:253 - Accepted Software Licenses: STM32CubeMX.6.16.0,STM32CubeMX.6.17.0
2026-05-13 11:16:02,560 [INFO] AnalyticsPlugin:255 - Accepted CMSIS Pack Licenses: 
2026-05-13 11:16:02,560 [INFO] AnalyticsPlugin:257 - Accepted Firmware Licenses: FW.F4.1.28.0,FW.F3.1.11.6
2026-05-13 11:16:02,561 [INFO] PluginManage:359 - Loaded plugin analytics (category:tool,tabindex:-1)
2026-05-13 11:16:02,562 [INFO] PluginManage:310 - Check plugin cadmodel
2026-05-13 11:16:02,562 [ERROR] ConfigurationRetriever:142 - IOException on connection: Сеть недоступна
2026-05-13 11:16:02,562 [ERROR] ConfigurationRetriever:142 - IOException on connection: Сеть недоступна
2026-05-13 11:16:02,562 [ERROR] ConfigurationRetriever:142 - IOException on connection: Сеть недоступна
2026-05-13 11:16:02,565 [INFO] CADModel:105 - Init CAD model plugin
2026-05-13 11:16:02,565 [INFO] PluginManage:359 - Loaded plugin cadmodel (category:power,tabindex:5)
2026-05-13 11:16:02,565 [INFO] PluginManage:310 - Check plugin clock
2026-05-13 11:16:02,572 [INFO] PluginManage:359 - Loaded plugin clock (category:base,tabindex:2)
2026-05-13 11:16:02,572 [INFO] PluginManage:310 - Check plugin ddr
2026-05-13 11:16:02,573 [INFO] PluginManage:359 - Loaded plugin ddr (category:tool,tabindex:6)
2026-05-13 11:16:02,573 [INFO] PluginManage:310 - Check plugin filemanager
2026-05-13 11:16:02,746 [INFO] PluginManage:359 - Loaded plugin filemanager (category:base,tabindex:10)
2026-05-13 11:16:02,746 [INFO] PluginManage:310 - Check plugin ipmanager
2026-05-13 11:16:02,749 [INFO] PluginManage:359 - Loaded plugin ipmanager (category:base,tabindex:5)
2026-05-13 11:16:02,750 [INFO] PluginManage:310 - Check plugin lpbam
2026-05-13 11:16:02,756 [INFO] PluginManage:359 - Loaded plugin lpbam (category:base,tabindex:0)
2026-05-13 11:16:02,756 [INFO] PluginManage:310 - Check plugin memorymap
2026-05-13 11:16:02,764 [INFO] PluginManage:359 - Loaded plugin memorymap (category:base,tabindex:4)
2026-05-13 11:16:02,764 [INFO] PluginManage:310 - Check plugin pinoutandconfiguration
2026-05-13 11:16:02,771 [INFO] PluginManage:359 - Loaded plugin pinoutandconfiguration (category:base,tabindex:1)
2026-05-13 11:16:02,771 [INFO] PluginManage:310 - Check plugin pinoutconfig
2026-05-13 11:16:02,826 [WARN] SupportedApi:132 - Cannot load RTOS API schema: s4s-elt-must-match.1: The content of 'definitions' must match (annotation?, (simpleType | complexType)?, (unique | key | keyref)*)). A problem was found starting at: attribute.
2026-05-13 11:16:02,908 [INFO] PluginManage:359 - Loaded plugin pinoutconfig (category:base,tabindex:0)
2026-05-13 11:16:02,908 [INFO] PluginManage:310 - Check plugin power
2026-05-13 11:16:02,915 [INFO] PluginManage:359 - Loaded plugin power (category:power,tabindex:4)
2026-05-13 11:16:02,915 [INFO] PluginManage:310 - Check plugin projectmanager
2026-05-13 11:16:02,924 [INFO] PluginManage:359 - Loaded plugin projectmanager (category:projectmanager,tabindex:4)
2026-05-13 11:16:02,924 [INFO] PluginManage:310 - Check plugin rif
2026-05-13 11:16:02,931 [INFO] PluginManage:359 - Loaded plugin rif (category:base,tabindex:3)
2026-05-13 11:16:02,931 [INFO] PluginManage:310 - Check plugin thirdparty
2026-05-13 11:16:03,005 [INFO] PluginManage:359 - Loaded plugin thirdparty (category:base,tabindex:-1)
2026-05-13 11:16:03,005 [WARN] IntegrityCheckThread:84 - waiting for thirdparty lock release [integrity check]
2026-05-13 11:16:03,005 [INFO] PluginManage:310 - Check plugin tools
2026-05-13 11:16:03,005 [INFO] IntegrityCheckThread:86 - entering critical section [integrity check]
2026-05-13 11:16:03,005 [INFO] ThirdPartyUpdaterWithRetryManager:70 - Updater plugin not ready yet. [1/15]
2026-05-13 11:16:03,007 [INFO] PluginManage:359 - Loaded plugin tools (category:base,tabindex:7)
2026-05-13 11:16:03,007 [INFO] PluginManage:310 - Check plugin tutovideos
2026-05-13 11:16:03,135 [INFO] PluginManage:359 - Loaded plugin tutovideos (category:base,tabindex:-1)
2026-05-13 11:16:03,135 [INFO] PluginManage:310 - Check plugin updater
2026-05-13 11:16:03,150 [INFO] PluginManage:359 - Loaded plugin updater (category:base,tabindex:12)
2026-05-13 11:16:03,151 [INFO] PluginManage:310 - Check plugin userauth
2026-05-13 11:16:03,153 [INFO] UserAuth:118 - Init User Auth plugin
2026-05-13 11:16:03,154 [INFO] PluginManage:359 - Loaded plugin userauth (category:base,tabindex:14)
2026-05-13 11:16:03,154 [INFO] PluginManage:283 - PluginManage : Loaded plugins [18]
2026-05-13 11:16:03,265 [INFO] PinOutPanel:1589 - setPackage(No Configuration,No Configuration)
2026-05-13 11:16:03,308 [INFO] CADModel:165 - CPN selected for project level
2026-05-13 11:16:03,308 [INFO] CADModel:114 - Register for checkConnection events
2026-05-13 11:16:03,320 [INFO] IPUIPlugin:80 - create IPUIPlugin
2026-05-13 11:16:03,321 [INFO] PluginManager:220 - loadIPPluginJar : add stm32_wpan
2026-05-13 11:16:03,322 [INFO] IPUIPlugin:80 - create IPUIPlugin
2026-05-13 11:16:03,322 [INFO] PluginManager:220 - loadIPPluginJar : add tracer_emb
2026-05-13 11:16:03,324 [INFO] IPUIPlugin:80 - create IPUIPlugin
2026-05-13 11:16:03,325 [INFO] PluginManager:220 - loadIPPluginJar : add nvic
2026-05-13 11:16:03,326 [INFO] IPUIPlugin:80 - create IPUIPlugin
2026-05-13 11:16:03,326 [INFO] PluginManager:220 - loadIPPluginJar : add extmemmanager
2026-05-13 11:16:03,330 [INFO] IPUIPlugin:80 - create IPUIPlugin
2026-05-13 11:16:03,331 [INFO] PluginManager:220 - loadIPPluginJar : add plateformsettings
2026-05-13 11:16:03,333 [INFO] IPUIPlugin:80 - create IPUIPlugin
2026-05-13 11:16:03,333 [INFO] PluginManager:220 - loadIPPluginJar : add cryp
2026-05-13 11:16:03,334 [INFO] IPUIPlugin:80 - create IPUIPlugin
2026-05-13 11:16:03,334 [INFO] PluginManager:220 - loadIPPluginJar : add i2c
2026-05-13 11:16:03,335 [INFO] IPUIPlugin:80 - create IPUIPlugin
2026-05-13 11:16:03,335 [INFO] PluginManager:220 - loadIPPluginJar : add comp
2026-05-13 11:16:03,336 [INFO] IPUIPlugin:80 - create IPUIPlugin
2026-05-13 11:16:03,336 [INFO] PluginManager:220 - loadIPPluginJar : add tsc
2026-05-13 11:16:03,338 [INFO] IPUIPlugin:80 - create IPUIPlugin
2026-05-13 11:16:03,338 [INFO] PluginManager:220 - loadIPPluginJar : add usart
2026-05-13 11:16:03,339 [INFO] IPUIPlugin:80 - create IPUIPlugin
2026-05-13 11:16:03,339 [INFO] PluginManager:220 - loadIPPluginJar : add spi
2026-05-13 11:16:03,343 [INFO] IPUIPlugin:80 - create IPUIPlugin
2026-05-13 11:16:03,344 [INFO] PluginManager:220 - loadIPPluginJar : add linkedlist
2026-05-13 11:16:03,345 [INFO] IPUIPlugin:80 - create IPUIPlugin
2026-05-13 11:16:03,345 [INFO] PluginManager:220 - loadIPPluginJar : add i3c
2026-05-13 11:16:03,346 [INFO] IPUIPlugin:80 - create IPUIPlugin
2026-05-13 11:16:03,346 [INFO] PluginManager:220 - loadIPPluginJar : add opamp
2026-05-13 11:16:03,347 [INFO] IPUIPlugin:80 - create IPUIPlugin
2026-05-13 11:16:03,347 [INFO] PluginManager:220 - loadIPPluginJar : add quadspi
2026-05-13 11:16:03,349 [INFO] IPUIPlugin:80 - create IPUIPlugin
2026-05-13 11:16:03,349 [INFO] PluginManager:220 - loadIPPluginJar : add ddr_ctrl_phy
2026-05-13 11:16:03,350 [INFO] IPUIPlugin:80 - create IPUIPlugin
2026-05-13 11:16:03,351 [INFO] PluginManager:220 - loadIPPluginJar : add touchsensing
2026-05-13 11:16:03,353 [INFO] IPUIPlugin:80 - create IPUIPlugin
2026-05-13 11:16:03,353 [INFO] PluginManager:220 - loadIPPluginJar : add gpio
2026-05-13 11:16:03,354 [INFO] IPUIPlugin:80 - create IPUIPlugin
2026-05-13 11:16:03,354 [INFO] PluginManager:220 - loadIPPluginJar : add lorawan
2026-05-13 11:16:03,358 [INFO] IPUIPlugin:80 - create IPUIPlugin
2026-05-13 11:16:03,358 [INFO] PluginManager:220 - loadIPPluginJar : add mdma
2026-05-13 11:16:03,359 [INFO] IPUIPlugin:80 - create IPUIPlugin
2026-05-13 11:16:03,359 [INFO] PluginManager:220 - loadIPPluginJar : add hash
2026-05-13 11:16:03,360 [INFO] IPUIPlugin:80 - create IPUIPlugin
2026-05-13 11:16:03,360 [INFO] PluginManager:220 - loadIPPluginJar : add ltdc
2026-05-13 11:16:03,361 [INFO] IPUIPlugin:80 - create IPUIPlugin
2026-05-13 11:16:03,361 [INFO] PluginManager:220 - loadIPPluginJar : add genericplugin
2026-05-13 11:16:03,362 [INFO] IPUIPlugin:80 - create IPUIPlugin
2026-05-13 11:16:03,363 [INFO] PluginManager:220 - loadIPPluginJar : add openamp
2026-05-13 11:16:03,366 [INFO] IPUIPlugin:80 - create IPUIPlugin
2026-05-13 11:16:03,366 [INFO] PluginManager:220 - loadIPPluginJar : add freertos
2026-05-13 11:16:03,367 [INFO] IPUIPlugin:80 - create IPUIPlugin
2026-05-13 11:16:03,368 [INFO] PluginManager:220 - loadIPPluginJar : add i2s
2026-05-13 11:16:03,370 [INFO] IPUIPlugin:80 - create IPUIPlugin
2026-05-13 11:16:03,370 [INFO] PluginManager:220 - loadIPPluginJar : add gic
2026-05-13 11:16:03,372 [INFO] IPUIPlugin:80 - create IPUIPlugin
2026-05-13 11:16:03,372 [INFO] PluginManager:220 - loadIPPluginJar : add pdm2pcm
2026-05-13 11:16:03,373 [INFO] IPUIPlugin:80 - create IPUIPlugin
2026-05-13 11:16:03,373 [INFO] PluginManager:220 - loadIPPluginJar : add dfsdm
2026-05-13 11:16:03,374 [INFO] IPUIPlugin:80 - create IPUIPlugin
2026-05-13 11:16:03,374 [INFO] PluginManager:220 - loadIPPluginJar : add ts
2026-05-13 11:16:03,377 [INFO] IPUIPlugin:80 - create IPUIPlugin
2026-05-13 11:16:03,377 [INFO] PluginManager:220 - loadIPPluginJar : add adc
2026-05-13 11:16:03,379 [INFO] IPUIPlugin:80 - create IPUIPlugin
2026-05-13 11:16:03,379 [INFO] PluginManager:220 - loadIPPluginJar : add gtzc
2026-05-13 11:16:03,380 [INFO] IPUIPlugin:80 - create IPUIPlugin
2026-05-13 11:16:03,380 [INFO] PluginManager:220 - loadIPPluginJar : add can
2026-05-13 11:16:03,382 [INFO] IPUIPlugin:80 - create IPUIPlugin
2026-05-13 11:16:03,382 [INFO] PluginManager:220 - loadIPPluginJar : add ipddr
2026-05-13 11:16:03,384 [INFO] IPUIPlugin:80 - create IPUIPlugin
2026-05-13 11:16:03,384 [INFO] PluginManager:220 - loadIPPluginJar : add usbx
2026-05-13 11:16:03,386 [INFO] IPUIPlugin:80 - create IPUIPlugin
2026-05-13 11:16:03,386 [INFO] PluginManager:220 - loadIPPluginJar : add fmc
2026-05-13 11:16:03,387 [INFO] IPUIPlugin:80 - create IPUIPlugin
2026-05-13 11:16:03,387 [INFO] PluginManager:220 - loadIPPluginJar : add ucpd
2026-05-13 11:16:03,390 [INFO] IPUIPlugin:80 - create IPUIPlugin
2026-05-13 11:16:03,390 [INFO] PluginManager:220 - loadIPPluginJar : add dma
2026-05-13 11:16:03,391 [INFO] IPUIPlugin:80 - create IPUIPlugin
2026-05-13 11:16:03,391 [INFO] PluginManager:220 - loadIPPluginJar : add radio
2026-05-13 11:16:03,393 [INFO] IPUIPlugin:80 - create IPUIPlugin
2026-05-13 11:16:03,393 [INFO] PluginManager:220 - loadIPPluginJar : add resmgrutility
2026-05-13 11:16:03,394 [INFO] IPUIPlugin:80 - create IPUIPlugin
2026-05-13 11:16:03,395 [INFO] PluginManager:220 - loadIPPluginJar : add dma3
2026-05-13 11:16:03,395 [INFO] IPUIPlugin:80 - create IPUIPlugin
2026-05-13 11:16:03,395 [INFO] PluginManager:220 - loadIPPluginJar : add fatfs
2026-05-13 11:16:03,396 [INFO] IPUIPlugin:80 - create IPUIPlugin
2026-05-13 11:16:03,397 [INFO] PluginManager:220 - loadIPPluginJar : add aes
2026-05-13 11:16:03,398 [INFO] IPUIPlugin:80 - create IPUIPlugin
2026-05-13 11:16:03,398 [INFO] PluginManager:220 - loadIPPluginJar : add gfxmmu
2026-05-13 11:16:03,399 [INFO] IPUIPlugin:80 - create IPUIPlugin
2026-05-13 11:16:03,399 [INFO] PluginManager:220 - loadIPPluginJar : add sai
2026-05-13 11:16:03,400 [INFO] IPUIPlugin:80 - create IPUIPlugin
2026-05-13 11:16:03,400 [INFO] PluginManager:220 - loadIPPluginJar : add tim
2026-05-13 11:16:03,488 [FATAL] Updater:351 - Updater called before beeing initialized
2026-05-13 11:16:03,518 [INFO] RulesReader:64 - Compatibility file has been processed (317 Rules)
2026-05-13 11:16:03,525 [INFO] RulesReader:64 - Compatibility file has been processed (317 Rules)
2026-05-13 11:16:03,529 [INFO] CADModel:165 - CPN selected for project level
2026-05-13 11:16:03,529 [INFO] CADModel:114 - Register for checkConnection events
2026-05-13 11:16:03,530 [FATAL] Updater:351 - Updater called before beeing initialized
2026-05-13 11:16:03,530 [ERROR] CADModel:125 - Updater not yet initialized, retry later 
2026-05-13 11:16:03,611 [FATAL] Updater:351 - Updater called before beeing initialized
2026-05-13 11:16:03,612 [INFO] CADModel:165 - CPN selected for project level
2026-05-13 11:16:03,612 [INFO] CADModel:114 - Register for checkConnection events
2026-05-13 11:16:03,612 [FATAL] Updater:351 - Updater called before beeing initialized
2026-05-13 11:16:03,612 [ERROR] CADModel:125 - Updater not yet initialized, retry later 
2026-05-13 11:16:03,614 [FATAL] Updater:351 - Updater called before beeing initialized
2026-05-13 11:16:03,672 [FATAL] Updater:351 - Updater called before beeing initialized
2026-05-13 11:16:03,675 [INFO] DbMcusAds:53 - JSON generation date=Mon Apr 27 11:14:29 MSK 2026 (1777277669577)
2026-05-13 11:16:03,675 [FATAL] Updater:351 - Updater called before beeing initialized
2026-05-13 11:16:03,701 [WARN] DetailPanel:346 - Failed to get advertising image, set to default
2026-05-13 11:16:03,745 [FATAL] Updater:351 - Updater called before beeing initialized
2026-05-13 11:16:03,746 [FATAL] Updater:351 - Updater called before beeing initialized
2026-05-13 11:16:03,746 [FATAL] Updater:351 - Updater called before beeing initialized
2026-05-13 11:16:03,747 [WARN] DetailPanel:346 - Failed to get advertising image, set to default
2026-05-13 11:16:03,747 [FATAL] Updater:351 - Updater called before beeing initialized
2026-05-13 11:16:03,768 [ERROR] Updater:1198 - MainUpdater not yet initialized. External WinMGr cannot be set.
2026-05-13 11:16:03,769 [INFO] Updater:1134 - Updater Version found : 6.15.0
2026-05-13 11:16:03,780 [INFO] ApplicationProperties:184 - Using Application install path: /home/dim0k/st/stm32cubeide_1.19.0/plugins/com.st.stm32cube.common.mx_6.15.0.202507011659
2026-05-13 11:16:03,924 [INFO] RetryExec:97 - I/O exception (java.net.SocketException) caught when processing request to {s}->https://sw-center.st.com:443: Сеть недоступна
2026-05-13 11:16:03,925 [INFO] RetryExec:113 - Retrying request to {s}->https://sw-center.st.com:443
2026-05-13 11:16:03,925 [INFO] RetryExec:97 - I/O exception (java.net.SocketException) caught when processing request to {s}->https://sw-center.st.com:443: Сеть недоступна
2026-05-13 11:16:03,925 [INFO] RetryExec:113 - Retrying request to {s}->https://sw-center.st.com:443
2026-05-13 11:16:03,925 [INFO] RetryExec:97 - I/O exception (java.net.SocketException) caught when processing request to {s}->https://sw-center.st.com:443: Сеть недоступна
2026-05-13 11:16:03,926 [INFO] RetryExec:113 - Retrying request to {s}->https://sw-center.st.com:443
2026-05-13 11:16:03,927 [INFO] MainUpdater:2872 - connection check result : 22
2026-05-13 11:16:03,928 [INFO] MainUpdater:289 - Updater Check For Update Now.
2026-05-13 11:16:03,928 [INFO] MicroXplorer:498 - Change Database Version : DB.6.0.150
2026-05-13 11:16:03,932 [INFO] McuFinderGlobals:63 - Set McuFinder mode to 2 (CubeIDE integrated)
2026-05-13 11:16:03,932 [INFO] UserAuth:171 - activating auth plugin
2026-05-13 11:16:03,934 [INFO] UserAuth:487 - Internet connection configuration mode: 2
2026-05-13 11:16:03,939 [INFO] UserAuth:487 - Internet connection configuration mode: 2
2026-05-13 11:16:04,094 [INFO] CheckServerUpdateThread:120 - End of CheckServer Thread
2026-05-13 11:16:06,120 [WARN] PackLoader:240 - Cannot read IP mode file for STMicroelectronics.X-CUBE-AZRTOS-H7.3.5.0
2026-05-13 11:16:06,127 [WARN] PackLoader:240 - Cannot read IP mode file for STMicroelectronics.FP-ATR-ASTRA1.2.0.2
2026-05-13 11:16:06,131 [WARN] PackLoader:240 - Cannot read IP mode file for STMicroelectronics.X-CUBE-SMBUS.2.1.0
2026-05-13 11:16:06,150 [WARN] PackLoader:240 - Cannot read IP mode file for STMicroelectronics.X-CUBE-AZRTOS-F7.1.1.0
2026-05-13 11:16:06,158 [WARN] PackLoader:240 - Cannot read IP mode file for STMicroelectronics.FP-SNS-MOTENV1.5.1.0
2026-05-13 11:16:06,167 [WARN] PackLoader:240 - Cannot read IP mode file for WES.I-CUBE-Cesium.1.4.0
2026-05-13 11:16:06,173 [WARN] PackLoader:240 - Cannot read IP mode file for STMicroelectronics.X-CUBE-DISPLAY.3.0.0
2026-05-13 11:16:06,183 [WARN] PackLoader:240 - Cannot read IP mode file for STMicroelectronics.X-CUBE-GNSS1.7.1.1
2026-05-13 11:16:06,187 [WARN] PackLoader:240 - Cannot read IP mode file for STMicroelectronics.FP-SNS-MOTENVWB1.1.5.0
2026-05-13 11:16:06,193 [WARN] PackLoader:240 - Cannot read IP mode file for STMicroelectronics.X-CUBE-NFC10.1.0.0
2026-05-13 11:16:06,196 [WARN] PackLoader:240 - Cannot read IP mode file for STMicroelectronics.X-CUBE-ST60.1.1.0
2026-05-13 11:16:06,199 [WARN] PackLoader:240 - Cannot read IP mode file for emotas.I-CUBE-CANOPEN.1.3.0
2026-05-13 11:16:06,202 [WARN] PackLoader:240 - Cannot read IP mode file for STMicroelectronics.X-CUBE-GNSS1.7.1.0
2026-05-13 11:16:06,208 [WARN] PackLoader:240 - Cannot read IP mode file for STMicroelectronics.FP-SNS-STBOX1.2.1.0
2026-05-13 11:16:06,211 [WARN] PackLoader:240 - Cannot read IP mode file for STMicroelectronics.FP-SNS-SMARTAG2.1.2.0
2026-05-13 11:16:06,214 [WARN] PackLoader:240 - Cannot read IP mode file for STMicroelectronics.FP-SNS-FLIGHT1.5.1.0
2026-05-13 11:16:06,219 [INFO] LogOutputStream:77 - [STDOUT_REDIRECT] 1 : Invalid condition id : UX_CORESTACK_Condition cause : null
2026-05-13 11:16:06,219 [INFO] LogOutputStream:77 - [STDOUT_REDIRECT] 1 : Invalid condition id : UX_CORESTACK_Condition cause : null
2026-05-13 11:16:06,219 [INFO] LogOutputStream:77 - [STDOUT_REDIRECT] 1 : Invalid condition id : UX_CORESTACK_Condition cause : null
2026-05-13 11:16:06,219 [INFO] LogOutputStream:77 - [STDOUT_REDIRECT] 1 : Invalid condition id : UX_CORESTACK_Condition cause : null
2026-05-13 11:16:06,220 [INFO] LogOutputStream:77 - [STDOUT_REDIRECT] 1 : Invalid condition id : UX_CORESTACK_Condition cause : null
2026-05-13 11:16:06,221 [WARN] PackLoader:240 - Cannot read IP mode file for STMicroelectronics.X-CUBE-AZRTOS-WL.2.0.0
2026-05-13 11:16:06,232 [WARN] PackLoader:240 - Cannot read IP mode file for STMicroelectronics.X-CUBE-AZRTOS-H7RS.1.2.0
2026-05-13 11:16:06,236 [WARN] PackLoader:240 - Cannot read IP mode file for STMicroelectronics.X-CUBE-BLE2.3.3.0
2026-05-13 11:16:06,254 [WARN] PackLoader:240 - Cannot read IP mode file for Infineon.AIROC-Wi-Fi-Bluetooth-STM32.1.8.0
2026-05-13 11:16:06,261 [WARN] PackLoader:240 - Cannot read IP mode file for STMicroelectronics.X-CUBE-NFC9.1.0.0
2026-05-13 11:16:06,264 [WARN] PackLoader:240 - Cannot read IP mode file for STMicroelectronics.X-CUBE-BLE1.7.1.0
2026-05-13 11:16:06,266 [WARN] PackLoader:240 - Cannot read IP mode file for wolfSSL.I-CUBE-wolfMQTT.1.19.2
2026-05-13 11:16:06,270 [WARN] PackLoader:240 - Cannot read IP mode file for STMicroelectronics.X-CUBE-EEPRMA1.5.2.0
2026-05-13 11:16:06,273 [WARN] PackLoader:240 - Cannot read IP mode file for wolfSSL.I-CUBE-wolfSSL.5.8.4
2026-05-13 11:16:06,274 [WARN] PackLoader:240 - Cannot read IP mode file for Cesanta.I-CUBE-Mongoose.7.20.0
2026-05-13 11:16:06,277 [WARN] PackLoader:240 - Cannot read IP mode file for STMicroelectronics.FP-SNS-STAIOTCFT.1.1.0
2026-05-13 11:16:06,313 [WARN] PackLoader:240 - Cannot read IP mode file for STMicroelectronics.X-CUBE-MEMS1.12.0.0
2026-05-13 11:16:06,412 [WARN] PackLoader:240 - Cannot read IP mode file for STMicroelectronics.X-CUBE-AZRTOS-G0.1.1.0
2026-05-13 11:16:06,417 [WARN] PackLoader:240 - Cannot read IP mode file for STMicroelectronics.X-CUBE-NFC4.3.0.0
2026-05-13 11:16:06,422 [WARN] PackLoader:240 - Cannot read IP mode file for EmbeddedOffice.I-CUBE-FS-RTOS.1.0.1
2026-05-13 11:16:06,426 [WARN] PackLoader:240 - Cannot read IP mode file for STMicroelectronics.X-CUBE-WB05N.2.0.0
2026-05-13 11:16:06,429 [WARN] PackLoader:240 - Cannot read IP mode file for wolfSSL.I-CUBE-wolfTPM.3.8.0
2026-05-13 11:16:06,432 [WARN] PackLoader:240 - Cannot read IP mode file for STMicroelectronics.X-CUBE-TCPP.4.2.0
2026-05-13 11:16:06,434 [WARN] PackLoader:240 - Cannot read IP mode file for RealThread.X-CUBE-RT-Thread_Nano.4.1.1
2026-05-13 11:16:06,436 [WARN] PackLoader:240 - Cannot read IP mode file for STMicroelectronics.FP-ATR-SIGFOX1.3.2.0
2026-05-13 11:16:06,439 [WARN] PackLoader:240 - Cannot read IP mode file for STMicroelectronics.X-CUBE-FREERTOS.1.5.0
2026-05-13 11:16:06,443 [WARN] PackLoader:240 - Cannot read IP mode file for ITTIA_DB.I-CUBE-ITTIADB.8.9.0
2026-05-13 11:16:06,448 [WARN] PackLoader:240 - Cannot read IP mode file for STMicroelectronics.X-CUBE-NFC6.3.2.0
2026-05-13 11:16:06,452 [WARN] PackLoader:240 - Cannot read IP mode file for STMicroelectronics.X-CUBE-AI.10.2.0
2026-05-13 11:16:06,493 [WARN] PackLoader:240 - Cannot read IP mode file for STMicroelectronics.X-CUBE-MEMS1.12.1.0
2026-05-13 11:16:06,551 [WARN] PackLoader:240 - Cannot read IP mode file for SEGGER.I-CUBE-embOS.1.3.1
2026-05-13 11:16:06,571 [WARN] PackLoader:240 - Cannot read IP mode file for STMicroelectronics.X-CUBE-ALGOBUILD.1.4.0
2026-05-13 11:16:06,574 [WARN] PackLoader:240 - Cannot read IP mode file for STMicroelectronics.X-CUBE-PM33A1.1.0.0
2026-05-13 11:16:06,582 [WARN] PackLoader:240 - Cannot read IP mode file for STMicroelectronics.X-CUBE-AZRTOS-F4.1.1.0
2026-05-13 11:16:06,585 [WARN] PackLoader:240 - Cannot read IP mode file for STMicroelectronics.X-CUBE-ISPU.2.1.0
2026-05-13 11:16:06,596 [WARN] PackLoader:240 - Cannot read IP mode file for STMicroelectronics.X-CUBE-IPS.3.2.0
2026-05-13 11:16:06,606 [WARN] PackLoader:240 - Cannot read IP mode file for STMicroelectronics.eDS-WB_DPC_TT-BIDIR.2.1.1
2026-05-13 11:16:06,610 [WARN] PackLoader:240 - Cannot read IP mode file for STMicroelectronics.X-CUBE-NFC12.1.0.0
2026-05-13 11:16:06,622 [WARN] PackLoader:240 - Cannot read IP mode file for STMicroelectronics.X-CUBE-AZRTOS-L5.2.0.0
2026-05-13 11:16:06,626 [WARN] PackLoader:240 - Cannot read IP mode file for STMicroelectronics.eDS-WB_DPC_VIENNA.1.2.0
2026-05-13 11:16:06,628 [WARN] PackLoader:240 - Cannot read IP mode file for STMicroelectronics.eDS-WB_DPC_3PH2L-BIDIR.1.1.1
2026-05-13 11:16:06,631 [ERROR] Engine:466 - /home/dim0k/.stm32cubemx/thirdparties/pdsc/STMicroelectronics.X-CUBE-ST67W61.1.3.0.pdsc: PDSC version is not supported
2026-05-13 11:16:06,633 [WARN] PackLoader:240 - Cannot read IP mode file for STMicroelectronics.X-CUBE-TOUCHGFX.4.26.1
2026-05-13 11:16:06,636 [WARN] PackLoader:240 - Cannot read IP mode file for STMicroelectronics.FP-SNS-STAIOTCFT.1.0.0
2026-05-13 11:16:06,640 [WARN] PackLoader:240 - Cannot read IP mode file for STMicroelectronics.X-CUBE-DPower.1.3.0
2026-05-13 11:16:06,652 [WARN] ConditionMgr:438 - getConditionDescription Invalid condition id : LAN8742 Phy interface Condition cause : null
2026-05-13 11:16:06,653 [WARN] PackLoader:240 - Cannot read IP mode file for STMicroelectronics.X-CUBE-AZRTOS-L4.2.0.0
2026-05-13 11:16:06,654 [WARN] ConditionMgr:1044 - genDependencies : Invalid condition id : LAN8742 Phy interface Condition cause : null
2026-05-13 11:16:06,654 [WARN] ConditionMgr:1044 - genDependencies : Invalid condition id : LAN8742 Phy interface Condition cause : null
2026-05-13 11:16:06,655 [WARN] ConditionMgr:1044 - genDependencies : Invalid condition id : LAN8742 Phy interface Condition cause : null
2026-05-13 11:16:06,658 [WARN] PackLoader:240 - Cannot read IP mode file for STMicroelectronics.X-CUBE-SFXS2LP1.4.0.0
2026-05-13 11:16:06,661 [WARN] PackLoader:240 - Cannot read IP mode file for STMicroelectronics.X-CUBE-WB05N.2.1.0
2026-05-13 11:16:06,664 [WARN] PackLoader:240 - Cannot read IP mode file for STMicroelectronics.X-CUBE-ST67W61.1.2.0
2026-05-13 11:16:06,670 [WARN] PackLoader:240 - Cannot read IP mode file for STMicroelectronics.X-CUBE-BLEMGR.4.1.0
2026-05-13 11:16:06,678 [WARN] ConditionMgr:438 - getConditionDescription Invalid condition id : UX DEVICE CLASS RTOS Condition cause : null
2026-05-13 11:16:06,678 [WARN] ConditionMgr:438 - getConditionDescription Invalid condition id : UX DEVICE CLASS RTOS Condition cause : null
2026-05-13 11:16:06,679 [WARN] PackLoader:240 - Cannot read IP mode file for STMicroelectronics.X-CUBE-AZRTOS-WB.2.0.0
2026-05-13 11:16:06,679 [WARN] ConditionMgr:1044 - genDependencies : Invalid condition id : UX DEVICE CLASS RTOS Condition cause : null
2026-05-13 11:16:06,679 [WARN] ConditionMgr:1044 - genDependencies : Invalid condition id : UX DEVICE CLASS RTOS Condition cause : null
2026-05-13 11:16:06,679 [WARN] ConditionMgr:1044 - genDependencies : Invalid condition id : UX DEVICE CLASS RTOS Condition cause : null
2026-05-13 11:16:06,680 [WARN] ConditionMgr:1044 - genDependencies : Invalid condition id : UX DEVICE CLASS RTOS Condition cause : null
2026-05-13 11:16:06,680 [WARN] ConditionMgr:1044 - genDependencies : Invalid condition id : UX DEVICE CLASS RTOS Condition cause : null
2026-05-13 11:16:06,682 [WARN] ConditionMgr:438 - getConditionDescription Invalid condition id : Cortex-A Device cause : null
2026-05-13 11:16:06,685 [WARN] ConditionMgr:1044 - genDependencies : Invalid condition id : Cortex-A Device cause : null
2026-05-13 11:16:06,685 [WARN] ConditionMgr:1044 - genDependencies : Invalid condition id : Cortex-A Device cause : null
2026-05-13 11:16:06,685 [WARN] ConditionMgr:1044 - genDependencies : Invalid condition id : Cortex-A Device cause : null
2026-05-13 11:16:06,688 [WARN] PackLoader:240 - Cannot read IP mode file for STMicroelectronics.X-CUBE-STSE01.2.0.0
2026-05-13 11:16:06,693 [WARN] PackLoader:240 - Cannot read IP mode file for STMicroelectronics.X-CUBE-SUBG2.5.0.0
2026-05-13 11:16:06,702 [WARN] PackLoader:240 - Cannot read IP mode file for STMicroelectronics.X-CUBE-AZRTOS-G4.2.0.0
2026-05-13 11:16:06,704 [WARN] PackLoader:240 - Cannot read IP mode file for wolfSSL.I-CUBE-wolfSSH.1.4.20
2026-05-13 11:16:06,706 [WARN] PackLoader:240 - Cannot read IP mode file for STMicroelectronics.X-CUBE-NFC7.2.0.0
2026-05-13 11:16:06,708 [WARN] PackLoader:240 - Cannot read IP mode file for STMicroelectronics.X-CUBE-ALS.1.0.2
2026-05-13 11:16:06,713 [WARN] PackLoader:240 - Cannot read IP mode file for STMicroelectronics.X-CUBE-TOF1.3.4.3
2026-05-13 11:16:06,718 [INFO] ThirdParty:978 - Integrity check success = true
2026-05-13 11:16:06,719 [INFO] IntegrityCheckThread:100 - exiting critical section [integrity check]
2026-05-13 11:16:06,719 [INFO] IntegrityCheckThread:103 - End integrity checks thread
